<?xml version="1.0" encoding="UTF-8"?>
<testsuite xmlns:xsi="http://www.w3.org/2001/XMLSchema-instance" xsi:noNamespaceSchemaLocation="https://maven.apache.org/surefire/maven-surefire-plugin/xsd/surefire-test-report.xsd" name="com.codingdojo.BowlingTest" time="0.089" tests="7" errors="0" skipped="0" failures="0">
  <properties>
    <property name="sun.desktop" value="windows"/>
    <property name="awt.toolkit" value="sun.awt.windows.WToolkit"/>
    <property name="file.encoding.pkg" value="sun.io"/>
    <property name="java.specification.version" value="1.8"/>
    <property name="sun.cpu.isalist" value="amd64"/>
    <property name="sun.jnu.encoding" value="Cp1252"/>
    <property name="java.class.path" value="C:\Epoca\Java\Projects\bowling\target\test-classes;C:\Epoca\Java\Projects\bowling\target\classes;C:\Users\souraman\.m2\repository\junit\junit\4.11\junit-4.11.jar;C:\Users\souraman\.m2\repository\org\hamcrest\hamcrest-core\1.3\hamcrest-core-1.3.jar;"/>
    <property name="java.vm.vendor" value="Oracle Corporation"/>
    <property name="sun.arch.data.model" value="64"/>
    <property name="user.variant" value=""/>
    <property name="java.vendor.url" value="http://java.oracle.com/"/>
    <property name="user.timezone" value="Asia/Calcutta"/>
    <property name="java.vm.specification.version" value="1.8"/>
    <property name="os.name" value="Windows 10"/>
    <property name="user.country" value="US"/>
    <property name="sun.java.launcher" value="SUN_STANDARD"/>
    <property name="sun.boot.library.path" value="C:\Program Files\Java\jdk1.8.0_221\jre\bin"/>
    <property name="sun.java.command" value="C:\Users\souraman\AppData\Local\Temp\surefire2578019567301333791\surefirebooter4852976007562822626.jar C:\Users\souraman\AppData\Local\Temp\surefire2578019567301333791 2020-01-11T20-57-40_128-jvmRun1 surefire662987659064468764tmp surefire_03667644657489615387tmp"/>
    <property name="surefire.test.class.path" value="C:\Epoca\Java\Projects\bowling\target\test-classes;C:\Epoca\Java\Projects\bowling\target\classes;C:\Users\souraman\.m2\repository\junit\junit\4.11\junit-4.11.jar;C:\Users\souraman\.m2\repository\org\hamcrest\hamcrest-core\1.3\hamcrest-core-1.3.jar;"/>
    <property name="sun.cpu.endian" value="little"/>
    <property name="user.home" value="C:\Users\souraman"/>
    <property name="user.language" value="en"/>
    <property name="java.specification.vendor" value="Oracle Corporation"/>
    <property name="java.home" value="C:\Program Files\Java\jdk1.8.0_221\jre"/>
    <property name="basedir" value="C:\Epoca\Java\Projects\bowling"/>
    <property name="file.separator" value="\"/>
    <property name="line.separator" value="&#10;"/>
    <property name="java.vm.specification.vendor" value="Oracle Corporation"/>
    <property name="java.specification.name" value="Java Platform API Specification"/>
    <property name="java.awt.graphicsenv" value="sun.awt.Win32GraphicsEnvironment"/>
    <property name="surefire.real.class.path" value="C:\Users\souraman\AppData\Local\Temp\surefire2578019567301333791\surefirebooter4852976007562822626.jar"/>
    <property name="sun.boot.class.path" value="C:\Program Files\Java\jdk1.8.0_221\jre\lib\resources.jar;C:\Program Files\Java\jdk1.8.0_221\jre\lib\rt.jar;C:\Program Files\Java\jdk1.8.0_221\jre\lib\sunrsasign.jar;C:\Program Files\Java\jdk1.8.0_221\jre\lib\jsse.jar;C:\Program Files\Java\jdk1.8.0_221\jre\lib\jce.jar;C:\Program Files\Java\jdk1.8.0_221\jre\lib\charsets.jar;C:\Program Files\Java\jdk1.8.0_221\jre\lib\jfr.jar;C:\Program Files\Java\jdk1.8.0_221\jre\classes"/>
    <property name="user.script" value=""/>
    <property name="sun.management.compiler" value="HotSpot 64-Bit Tiered Compilers"/>
    <property name="java.runtime.version" value="1.8.0_221-b11"/>
    <property name="user.name" value="souraman"/>
    <property name="path.separator" value=";"/>
    <property name="os.version" value="10.0"/>
    <property name="java.endorsed.dirs" value="C:\Program Files\Java\jdk1.8.0_221\jre\lib\endorsed"/>
    <property name="java.runtime.name" value="Java(TM) SE Runtime Environment"/>
    <property name="file.encoding" value="Cp1252"/>
    <property name="java.vm.name" value="Java HotSpot(TM) 64-Bit Server VM"/>
    <property name="localRepository" value="C:\Users\souraman\.m2\repository"/>
    <property name="java.vendor.url.bug" value="http://bugreport.sun.com/bugreport/"/>
    <property name="java.io.tmpdir" value="C:\Users\souraman\AppData\Local\Temp\"/>
    <property name="java.version" value="1.8.0_221"/>
    <property name="user.dir" value="C:\Epoca\Java\Projects\bowling"/>
    <property name="os.arch" value="amd64"/>
    <property name="java.vm.specification.name" value="Java Virtual Machine Specification"/>
    <property name="java.awt.printerjob" value="sun.awt.windows.WPrinterJob"/>
    <property name="sun.os.patch.level" value=""/>
    <property name="java.library.path" value="C:\Program Files\Java\jdk1.8.0_221\jre\bin;C:\windows\Sun\Java\bin;C:\windows\system32;C:\windows;C:\ProgramData\DockerDesktop\version-bin;C:\Program Files\Docker\Docker\Resources\bin;C:\Program Files (x86)\Common Files\Oracle\Java\javapath;C:\windows\system32;C:\windows;C:\windows\System32\Wbem;C:\windows\System32\WindowsPowerShell\v1.0\;C:\windows\System32\OpenSSH\;C:\Program Files (x86)\Sennheiser\SoftphoneSDK\;C:\Program Files\Java\jdk1.8.0_221\bin;C:\Softwares\Gradle4.5\gradle-4.5-all\gradle-4.5\bin;C:\Program Files\Java\jdk1.8.0_221;C:\Program Files\TortoiseGit\bin;C:\Program Files\Git\cmd;C:\Users\souraman\Downloads\Softwares\node-v10.17.0-win-x64;C:\Program Files\nodejs\;C:\Program Files\CrashPlan\jre\bin\server\;C:\Program Files\CrashPlan\jre\bin\;C:\Softwares\maven\apache-maven-3.6.3\bin;C:\Users\souraman\.windows-build-tools\python27\;C:\Users\souraman\AppData\Local\Programs\Python\Python37-32\Scripts\;C:\Users\souraman\AppData\Local\Programs\Python\Python37-32\;C:\Users\souraman\AppData\Local\Microsoft\WindowsApps;C:\Softwares\Gradle4.5\gradle-4.5-all\gradle-4.5;C:\Users\souraman\AppData\Local\Programs\Microsoft VS Code\bin;C:\Softwares\instantclient-basic-windows.x64-19.3.0.0.0dbru\instantclient_19_3;C:\Users\souraman\AppData\Roaming\npm;."/>
    <property name="java.vm.info" value="mixed mode"/>
    <property name="java.vendor" value="Oracle Corporation"/>
    <property name="java.vm.version" value="25.221-b11"/>
    <property name="java.ext.dirs" value="C:\Program Files\Java\jdk1.8.0_221\jre\lib\ext;C:\windows\Sun\Java\lib\ext"/>
    <property name="sun.io.unicode.encoding" value="UnicodeLittle"/>
    <property name="java.class.version" value="52.0"/>
  </properties>
  <testcase name="oneStrikeTest" classname="com.codingdojo.BowlingTest" time="0.003"/>
  <testcase name="perfectGameTest" classname="com.codingdojo.BowlingTest" time="0"/>
  <testcase name="fiveAndSpares" classname="com.codingdojo.BowlingTest" time="0"/>
  <testcase name="oneSpareTest" classname="com.codingdojo.BowlingTest" time="0"/>
  <testcase name="zeroesAndOnesTest" classname="com.codingdojo.BowlingTest" time="0"/>
  <testcase name="customScenario" classname="com.codingdojo.BowlingTest" time="0"/>
  <testcase name="ninesAndZeroes" classname="com.codingdojo.BowlingTest" time="0"/>
</testsuite>